<?xml version="1.0" encoding="UTF-8"?>
<testsuite xmlns:xsi="http://www.w3.org/2001/XMLSchema-instance" xsi:noNamespaceSchemaLocation="https://maven.apache.org/surefire/maven-surefire-plugin/xsd/surefire-test-report.xsd" version="3.0.2" name="de.txmmy.novaeconomy.util.MoneyTest" time="0.152" tests="4" errors="0" skipped="0" failures="0">
  <properties>
[...]
</properties>
  <testcase name="multipliesExactly" classname="de.txmmy.novaeconomy.util.MoneyTest" time="0.04"/>
  <testcase name="rejectsFractionsSmallerThanOneCent" classname="de.txmmy.novaeconomy.util.MoneyTest" time="0.056"/>
  <testcase name="parsesDotAndCommaWithTwoDecimals" classname="de.txmmy.novaeconomy.util.MoneyTest" time="0.001"/>
  <testcase name="detectsOverflow" classname="de.txmmy.novaeconomy.util.MoneyTest" time="0.004"/>
</testsuite>